<?xml version="1.0" encoding="UTF-8" standalone="no"?>
<!DOCTYPE log SYSTEM "logger.dtd">
<log>
<record>
  <date>2019-09-26T14:40:56.765-0300</date>
  <logger>DANIEL GOMES DE LIMA</logger>
  <level>FINE</level>
  <message>File 118210357-DANIEL GOMES DE LIMA.zip was received. It was sent by DANIEL GOMES DE LIMA from IP 150.165.42.163 at 26-09-2019 14*40*56</message>
</record>
</log>
<?xml version="1.0" encoding="UTF-8" standalone="no"?>
<!DOCTYPE log SYSTEM "logger.dtd">
<log>
<record>
  <date>2019-09-26T14:44:47.609-0300</date>
  <logger>DANIEL GOMES DE LIMA</logger>
  <level>FINE</level>
  <message>File 118210357-DANIEL GOMES DE LIMA.zip was received. It was sent by DANIEL GOMES DE LIMA from IP 150.165.42.163 at 26-09-2019 14*44*47</message>
</record>
</log>
<?xml version="1.0" encoding="UTF-8" standalone="no"?>
<!DOCTYPE log SYSTEM "logger.dtd">
<log>
<record>
  <date>2019-09-26T14:51:20.527-0300</date>
  <logger>DANIEL GOMES DE LIMA</logger>
  <level>FINE</level>
  <message>File 118210357-DANIEL GOMES DE LIMA.zip was received. It was sent by DANIEL GOMES DE LIMA from IP 150.165.42.163 at 26-09-2019 14*51*20</message>
</record>
</log>
<?xml version="1.0" encoding="UTF-8" standalone="no"?>
<!DOCTYPE log SYSTEM "logger.dtd">
<log>
<record>
  <date>2019-09-26T15:08:06.765-0300</date>
  <logger>DANIEL GOMES DE LIMA</logger>
  <level>FINE</level>
  <message>File 118210357-DANIEL GOMES DE LIMA.zip was received. It was sent by DANIEL GOMES DE LIMA from IP 150.165.42.163 at 26-09-2019 15*08*06</message>
</record>
