<?xml version="1.0" encoding="UTF-8" standalone="no"?>
<!DOCTYPE log SYSTEM "logger.dtd">
<log>
<record>
  <date>2019-08-26T16:09:34.369-0300</date>
  <logger>DANIEL GOMES DE LIMA</logger>
  <level>FINE</level>
  <message>File 118210357-DANIEL GOMES DE LIMA.zip was received. It was sent by DANIEL GOMES DE LIMA from IP 150.165.42.162 at 26-08-2019 16*09*34</message>
</record>
</log>
<?xml version="1.0" encoding="UTF-8" standalone="no"?>
<!DOCTYPE log SYSTEM "logger.dtd">
<log>
<record>
  <date>2019-08-26T17:46:51.033-0300</date>
  <logger>DANIEL GOMES DE LIMA</logger>
  <level>FINE</level>
  <message>File 118210357-DANIEL GOMES DE LIMA.zip was received. It was sent by DANIEL GOMES DE LIMA from IP 150.165.42.162 at 26-08-2019 17*46*51</message>
</record>
</log>
<?xml version="1.0" encoding="UTF-8" standalone="no"?>
<!DOCTYPE log SYSTEM "logger.dtd">
<log>
<record>
  <date>2019-08-26T22:59:45.016-0300</date>
  <logger>DANIEL GOMES DE LIMA</logger>
  <level>FINE</level>
  <message>File 118210357-DANIEL GOMES DE LIMA.zip was received. It was sent by DANIEL GOMES DE LIMA from IP 192.168.0.110 at 26-08-2019 22*59*44</message>
</record>
</log>
<?xml version="1.0" encoding="UTF-8" standalone="no"?>
<!DOCTYPE log SYSTEM "logger.dtd">
<log>
<record>
  <date>2019-08-28T12:19:11.316-0300</date>
  <logger>DANIEL GOMES DE LIMA</logger>
  <level>FINE</level>
  <message>File 118210357-DANIEL GOMES DE LIMA.zip was received. It was sent by DANIEL GOMES DE LIMA from IP 192.168.0.110 at 28-08-2019 12*19*11</message>
</record>
