<?xml version="1.0" encoding="UTF-8" standalone="no"?>
<!DOCTYPE log SYSTEM "logger.dtd">
<log>
<record>
  <date>2019-09-30T16:31:49.256-0300</date>
  <logger>DANIEL GOMES DE LIMA</logger>
  <level>FINE</level>
  <message>File 118210357-DANIEL GOMES DE LIMA.zip was received. It was sent by DANIEL GOMES DE LIMA from IP 150.165.42.162 at 30-09-2019 16*31*49</message>
</record>
</log>
<?xml version="1.0" encoding="UTF-8" standalone="no"?>
<!DOCTYPE log SYSTEM "logger.dtd">
<log>
<record>
  <date>2019-09-30T16:53:07.665-0300</date>
  <logger>DANIEL GOMES DE LIMA</logger>
  <level>FINE</level>
  <message>File 118210357-DANIEL GOMES DE LIMA.zip was received. It was sent by DANIEL GOMES DE LIMA from IP 150.165.42.162 at 30-09-2019 16*53*07</message>
</record>
</log>
<?xml version="1.0" encoding="UTF-8" standalone="no"?>
<!DOCTYPE log SYSTEM "logger.dtd">
<log>
<record>
  <date>2019-09-30T17:03:57.639-0300</date>
  <logger>DANIEL GOMES DE LIMA</logger>
  <level>FINE</level>
  <message>File 118210357-DANIEL GOMES DE LIMA.zip was received. It was sent by DANIEL GOMES DE LIMA from IP 150.165.42.162 at 30-09-2019 17*03*57</message>
</record>
</log>
<?xml version="1.0" encoding="UTF-8" standalone="no"?>
<!DOCTYPE log SYSTEM "logger.dtd">
<log>
<record>
  <date>2019-09-30T17:07:16.212-0300</date>
  <logger>DANIEL GOMES DE LIMA</logger>
  <level>FINE</level>
  <message>File 118210357-DANIEL GOMES DE LIMA.zip was received. It was sent by DANIEL GOMES DE LIMA from IP 150.165.42.162 at 30-09-2019 17*07*16</message>
</record>
</log>
<?xml version="1.0" encoding="UTF-8" standalone="no"?>
<!DOCTYPE log SYSTEM "logger.dtd">
<log>
<record>
  <date>2019-09-30T17:08:00.317-0300</date>
  <logger>DANIEL GOMES DE LIMA</logger>
  <level>FINE</level>
  <message>File 118210357-DANIEL GOMES DE LIMA.zip was received. It was sent by DANIEL GOMES DE LIMA from IP 150.165.42.162 at 30-09-2019 17*08*00</message>
</record>
